The current start time for running is: 2024-12-03 21:24:41
epoch: 0 train acc: 0.0
epoch: 0 train loss: 2.5942287606969328
epoch: 0 val acc: 100.0
epoch: 0 val loss: 1.6953966571120067
epoch: 1 train acc: 100.0
epoch: 1 train loss: 1.0
epoch: 1 val acc: 100.0
epoch: 1 val loss: 1.5535888975444667
epoch: 2 train acc: 100.0
epoch: 2 train loss: 1.0
epoch: 2 val acc: 100.0
epoch: 2 val loss: 1.433086569362336
epoch: 3 train acc: 100.0
epoch: 3 train loss: 1.0
epoch: 3 val acc: 100.0
epoch: 3 val loss: 1.3125688700215223
epoch: 4 train acc: 100.0
epoch: 4 train loss: 1.0
epoch: 4 val acc: 100.0
epoch: 4 val loss: 1.1975377126203193
epoch: 5 train acc: 100.0
epoch: 5 train loss: 1.0
epoch: 5 val acc: 100.0
epoch: 5 val loss: 1.1064631045284459
epoch: 6 train acc: 100.0
epoch: 6 train loss: 1.0
epoch: 6 val acc: 100.0
epoch: 6 val loss: 1.0448967229559747
epoch: 7 train acc: 100.0
epoch: 7 train loss: 1.0
epoch: 7 val acc: 100.0
epoch: 7 val loss: 1.018676877754795
epoch: 8 train acc: 100.0
epoch: 8 train loss: 1.0
epoch: 8 val acc: 100.0
epoch: 8 val loss: 1.005681726060326
epoch: 9 train acc: 100.0
epoch: 9 train loss: 1.0
epoch: 9 val acc: 100.0
epoch: 9 val loss: 1.0014865409630185
epoch: 10 train acc: 100.0
epoch: 10 train loss: 1.0
epoch: 10 val acc: 100.0
epoch: 10 val loss: 1.0003551313473904
epoch: 11 train acc: 100.0
epoch: 11 train loss: 1.0
epoch: 11 val acc: 100.0
epoch: 11 val loss: 1.000085480366377
epoch: 12 train acc: 100.0
epoch: 12 train loss: 1.0
epoch: 12 val acc: 100.0
epoch: 12 val loss: 1.0000243192872726
epoch: 13 train acc: 100.0
epoch: 13 train loss: 1.0
epoch: 13 val acc: 100.0
epoch: 13 val loss: 1.0000057220786405
epoch: 14 train acc: 100.0
epoch: 14 train loss: 1.0
epoch: 14 val acc: 100.0
epoch: 14 val loss: 1.0000016689328106
epoch: 15 train acc: 100.0
epoch: 15 train loss: 1.0
epoch: 15 val acc: 100.0
epoch: 15 val loss: 1.000000596046796
epoch: 16 train acc: 100.0
epoch: 16 train loss: 1.0
epoch: 16 val acc: 100.0
epoch: 16 val loss: 1.0000001192093109
epoch: 17 train acc: 100.0
epoch: 17 train loss: 1.0
epoch: 17 val acc: 100.0
epoch: 17 val loss: 1.0
epoch: 18 train acc: 100.0
epoch: 18 train loss: 1.0
epoch: 18 val acc: 100.0
epoch: 18 val loss: 1.0
epoch: 19 train acc: 100.0
epoch: 19 train loss: 1.0
epoch: 19 val acc: 100.0
epoch: 19 val loss: 1.0
epoch: 20 train acc: 100.0
epoch: 20 train loss: 1.0
epoch: 20 val acc: 100.0
epoch: 20 val loss: 1.0
epoch: 21 train acc: 100.0
epoch: 21 train loss: 1.0
epoch: 21 val acc: 100.0
epoch: 21 val loss: 1.0
epoch: 22 train acc: 100.0
epoch: 22 train loss: 1.0
epoch: 22 val acc: 100.0
epoch: 22 val loss: 1.0
epoch: 23 train acc: 100.0
epoch: 23 train loss: 1.0
epoch: 23 val acc: 100.0
epoch: 23 val loss: 1.0
epoch: 24 train acc: 100.0
epoch: 24 train loss: 1.0
epoch: 24 val acc: 100.0
epoch: 24 val loss: 1.0
epoch: 25 train acc: 100.0
epoch: 25 train loss: 1.0
epoch: 25 val acc: 100.0
epoch: 25 val loss: 1.0
epoch: 26 train acc: 100.0
epoch: 26 train loss: 1.0
epoch: 26 val acc: 100.0
epoch: 26 val loss: 1.0
epoch: 27 train acc: 100.0
epoch: 27 train loss: 1.0
epoch: 27 val acc: 100.0
epoch: 27 val loss: 1.0
epoch: 28 train acc: 100.0
epoch: 28 train loss: 1.0
epoch: 28 val acc: 100.0
epoch: 28 val loss: 1.0
epoch: 29 train acc: 100.0
epoch: 29 train loss: 1.0
epoch: 29 val acc: 100.0
epoch: 29 val loss: 1.0
